Determining if the pthread_create exist failed with the following output:
Change Dir: /media/robgrzel/9040C22F40C21C3A/MEGASync-P/WORK/Proj/UTILS/cmake-build-debug/CMakeFiles/CMakeTmp

Run Build Command:"/usr/bin/make" "cmTC_16133/fast"
/usr/bin/make -f CMakeFiles/cmTC_16133.dir/build.make CMakeFiles/cmTC_16133.dir/build
make[1]: Entering directory '/media/robgrzel/9040C22F40C21C3A/MEGASync-P/WORK/Proj/UTILS/cmake-build-debug/CMakeFiles/CMakeTmp'
Building C object CMakeFiles/cmTC_16133.dir/CheckSymbolExists.c.o
/usr/bin/cc    -fPIC    -o CMakeFiles/cmTC_16133.dir/CheckSymbolExists.c.o   -c /media/robgrzel/9040C22F40C21C3A/MEGASync-P/WORK/Proj/UTILS/cmake-build-debug/CMakeFiles/CMakeTmp/CheckSymbolExists.c
Linking C executable cmTC_16133
/home/robgrzel/.local/share/JetBrains/Toolbox/apps/CLion/ch-0/171.4694.31/bin/cmake/bin/cmake -E cmake_link_script CMakeFiles/cmTC_16133.dir/link.txt --verbose=1
/usr/bin/cc  -fPIC     CMakeFiles/cmTC_16133.dir/CheckSymbolExists.c.o  -o cmTC_16133 -rdynamic 
CMakeFiles/cmTC_16133.dir/CheckSymbolExists.c.o: In function `main':
CheckSymbolExists.c:(.text+0x1b): undefined reference to `pthread_create'
collect2: error: ld returned 1 exit status
CMakeFiles/cmTC_16133.dir/build.make:97: recipe for target 'cmTC_16133' failed
make[1]: *** [cmTC_16133] Error 1
make[1]: Leaving directory '/media/robgrzel/9040C22F40C21C3A/MEGASync-P/WORK/Proj/UTILS/cmake-build-debug/CMakeFiles/CMakeTmp'
Makefile:126: recipe for target 'cmTC_16133/fast' failed
make: *** [cmTC_16133/fast] Error 2

File /media/robgrzel/9040C22F40C21C3A/MEGASync-P/WORK/Proj/UTILS/cmake-build-debug/CMakeFiles/CMakeTmp/CheckSymbolExists.c:
/* */
#include <pthread.h>

int main(int argc, char** argv)
{
  (void)argv;
#ifndef pthread_create
  return ((int*)(&pthread_create))[argc];
#else
  (void)argc;
  return 0;
#endif
}

Determining if the function pthread_create exists in the pthreads failed with the following output:
Change Dir: /media/robgrzel/9040C22F40C21C3A/MEGASync-P/WORK/Proj/UTILS/cmake-build-debug/CMakeFiles/CMakeTmp

Run Build Command:"/usr/bin/make" "cmTC_1c511/fast"
/usr/bin/make -f CMakeFiles/cmTC_1c511.dir/build.make CMakeFiles/cmTC_1c511.dir/build
make[1]: Entering directory '/media/robgrzel/9040C22F40C21C3A/MEGASync-P/WORK/Proj/UTILS/cmake-build-debug/CMakeFiles/CMakeTmp'
Building C object CMakeFiles/cmTC_1c511.dir/CheckFunctionExists.c.o
/usr/bin/cc    -fPIC -DCHECK_FUNCTION_EXISTS=pthread_create   -o CMakeFiles/cmTC_1c511.dir/CheckFunctionExists.c.o   -c /home/robgrzel/.local/share/JetBrains/Toolbox/apps/CLion/ch-0/171.4694.31/bin/cmake/share/cmake-3.7/Modules/CheckFunctionExists.c
Linking C executable cmTC_1c511
/home/robgrzel/.local/share/JetBrains/Toolbox/apps/CLion/ch-0/171.4694.31/bin/cmake/bin/cmake -E cmake_link_script CMakeFiles/cmTC_1c511.dir/link.txt --verbose=1
/usr/bin/cc  -fPIC -DCHECK_FUNCTION_EXISTS=pthread_create    CMakeFiles/cmTC_1c511.dir/CheckFunctionExists.c.o  -o cmTC_1c511 -rdynamic -lpthreads 
/usr/bin/ld: cannot find -lpthreads
collect2: error: ld returned 1 exit status
CMakeFiles/cmTC_1c511.dir/build.make:97: recipe for target 'cmTC_1c511' failed
make[1]: *** [cmTC_1c511] Error 1
make[1]: Leaving directory '/media/robgrzel/9040C22F40C21C3A/MEGASync-P/WORK/Proj/UTILS/cmake-build-debug/CMakeFiles/CMakeTmp'
Makefile:126: recipe for target 'cmTC_1c511/fast' failed
make: *** [cmTC_1c511/fast] Error 2


