Determining if the pthread_create exist failed with the following output:
Change Dir: /mnt/WSPACE/MEGASync-P/WORK/Proj/UTILS/OpenGL/OpenGL_tutorial/cmake-build-debug/CMakeFiles/CMakeTmp

Run Build Command:"/usr/bin/make" "cmTC_37921/fast"
/usr/bin/make -f CMakeFiles/cmTC_37921.dir/build.make CMakeFiles/cmTC_37921.dir/build
make[1]: Entering directory '/mnt/WSPACE/MEGASync-P/WORK/Proj/UTILS/OpenGL/OpenGL_tutorial/cmake-build-debug/CMakeFiles/CMakeTmp'
Building C object CMakeFiles/cmTC_37921.dir/CheckSymbolExists.c.o
/usr/bin/cc     -o CMakeFiles/cmTC_37921.dir/CheckSymbolExists.c.o   -c /mnt/WSPACE/MEGASync-P/WORK/Proj/UTILS/OpenGL/OpenGL_tutorial/cmake-build-debug/CMakeFiles/CMakeTmp/CheckSymbolExists.c
Linking C executable cmTC_37921
/home/robgrzel/.local/share/JetBrains/Toolbox/apps/CLion/ch-0/171.4073.41/bin/cmake/bin/cmake -E cmake_link_script CMakeFiles/cmTC_37921.dir/link.txt --verbose=1
/usr/bin/cc       CMakeFiles/cmTC_37921.dir/CheckSymbolExists.c.o  -o cmTC_37921 
CMakeFiles/cmTC_37921.dir/CheckSymbolExists.c.o: In function `main':
CheckSymbolExists.c:(.text+0x16): undefined reference to `pthread_create'
collect2: error: ld returned 1 exit status
CMakeFiles/cmTC_37921.dir/build.make:97: recipe for target 'cmTC_37921' failed
make[1]: *** [cmTC_37921] Error 1
make[1]: Leaving directory '/mnt/WSPACE/MEGASync-P/WORK/Proj/UTILS/OpenGL/OpenGL_tutorial/cmake-build-debug/CMakeFiles/CMakeTmp'
Makefile:126: recipe for target 'cmTC_37921/fast' failed
make: *** [cmTC_37921/fast] Error 2

File /mnt/WSPACE/MEGASync-P/WORK/Proj/UTILS/OpenGL/OpenGL_tutorial/cmake-build-debug/CMakeFiles/CMakeTmp/CheckSymbolExists.c:
/* */
#include <pthread.h>

int main(int argc, char** argv)
{
  (void)argv;
#ifndef pthread_create
  return ((int*)(&pthread_create))[argc];
#else
  (void)argc;
  return 0;
#endif
}

Determining if the function pthread_create exists in the pthreads failed with the following output:
Change Dir: /mnt/WSPACE/MEGASync-P/WORK/Proj/UTILS/OpenGL/OpenGL_tutorial/cmake-build-debug/CMakeFiles/CMakeTmp

Run Build Command:"/usr/bin/make" "cmTC_46e87/fast"
/usr/bin/make -f CMakeFiles/cmTC_46e87.dir/build.make CMakeFiles/cmTC_46e87.dir/build
make[1]: Entering directory '/mnt/WSPACE/MEGASync-P/WORK/Proj/UTILS/OpenGL/OpenGL_tutorial/cmake-build-debug/CMakeFiles/CMakeTmp'
Building C object CMakeFiles/cmTC_46e87.dir/CheckFunctionExists.c.o
/usr/bin/cc    -DCHECK_FUNCTION_EXISTS=pthread_create   -o CMakeFiles/cmTC_46e87.dir/CheckFunctionExists.c.o   -c /home/robgrzel/.local/share/JetBrains/Toolbox/apps/CLion/ch-0/171.4073.41/bin/cmake/share/cmake-3.7/Modules/CheckFunctionExists.c
Linking C executable cmTC_46e87
/home/robgrzel/.local/share/JetBrains/Toolbox/apps/CLion/ch-0/171.4073.41/bin/cmake/bin/cmake -E cmake_link_script CMakeFiles/cmTC_46e87.dir/link.txt --verbose=1
/usr/bin/cc   -DCHECK_FUNCTION_EXISTS=pthread_create    CMakeFiles/cmTC_46e87.dir/CheckFunctionExists.c.o  -o cmTC_46e87 -lpthreads 
/usr/bin/ld: cannot find -lpthreads
collect2: error: ld returned 1 exit status
CMakeFiles/cmTC_46e87.dir/build.make:97: recipe for target 'cmTC_46e87' failed
make[1]: *** [cmTC_46e87] Error 1
make[1]: Leaving directory '/mnt/WSPACE/MEGASync-P/WORK/Proj/UTILS/OpenGL/OpenGL_tutorial/cmake-build-debug/CMakeFiles/CMakeTmp'
Makefile:126: recipe for target 'cmTC_46e87/fast' failed
make: *** [cmTC_46e87/fast] Error 2


